-------------------------------------------------------------------------------
Test set: TestSuite
-------------------------------------------------------------------------------
Tests run: 4, Failures: 1, Errors: 0, Skipped: 3, Time elapsed: 1.23 s <<< FAILURE! - in TestSuite
setUp(com.automation.testCases.TC_LoginDDT_002)  Time elapsed: 0.513 s  <<< FAILURE!
java.lang.NullPointerException

