<?xml version="1.0" encoding="UTF-8"?>
<testng-results skipped="0" failed="0" ignored="0" total="1" passed="1">
  <reporter-output>
  </reporter-output>
  <suite name="AutomtionTesting" duration-ms="12703" started-at="2019-04-24T06:19:29Z" finished-at="2019-04-24T06:19:41Z">
    <groups>
    </groups>
    <test name="AutomationTesting" duration-ms="12703" started-at="2019-04-24T06:19:29Z" finished-at="2019-04-24T06:19:41Z">
      <class name="com.automation.testCases.TC_LoginDDT_002">
        <test-method status="PASS" signature="setUp(java.lang.String)[pri:0, instance:com.automation.testCases.TC_LoginDDT_002@9f70c54]" name="setUp" is-config="true" duration-ms="7143" started-at="2019-04-24T06:19:29Z" finished-at="2019-04-24T06:19:36Z">
          <params>
            <param index="0">
              <value>
                <![CDATA[firefox]]>
              </value>
            </param>
          </params>
          <reporter-output>
          </reporter-output>
        </test-method> <!-- setUp -->
        <test-method status="PASS" signature="login(java.lang.String, java.lang.String)[pri:0, instance:com.automation.testCases.TC_LoginDDT_002@9f70c54]" name="login" duration-ms="3814" started-at="2019-04-24T06:19:37Z" data-provider="TestData" finished-at="2019-04-24T06:19:40Z">
          <params>
            <param index="0">
              <value>
                <![CDATA[mngr191029]]>
              </value>
            </param>
            <param index="1">
              <value>
                <![CDATA[tUdegar]]>
              </value>
            </param>
          </params>
          <reporter-output>
          </reporter-output>
        </test-method> <!-- login -->
        <test-method status="PASS" signature="excelPath()[pri:0, instance:com.automation.testCases.TC_LoginDDT_002@9f70c54]" name="excelPath" is-config="true" duration-ms="0" started-at="2019-04-24T06:19:37Z" finished-at="2019-04-24T06:19:37Z">
          <reporter-output>
          </reporter-output>
        </test-method> <!-- excelPath -->
        <test-method status="PASS" signature="tearDown()[pri:0, instance:com.automation.testCases.TC_LoginDDT_002@9f70c54]" name="tearDown" is-config="true" duration-ms="969" started-at="2019-04-24T06:19:40Z" finished-at="2019-04-24T06:19:41Z">
          <reporter-output>
          </reporter-output>
        </test-method> <!-- tearDown -->
      </class> <!-- com.automation.testCases.TC_LoginDDT_002 -->
    </test> <!-- AutomationTesting -->
  </suite> <!-- AutomtionTesting -->
</testng-results>
