<?xml version="1.0" encoding="UTF-8"?>
<!-- Generated by org.testng.reporters.JUnitXMLReporter -->
<testsuite hostname="IN00119" ignored="0" name="AutomationTesting" tests="1" failures="0" timestamp="24 Apr 2019 05:28:15 GMT" time="0.814" errors="0">
  <testcase name="@BeforeTest setUp" time="0.049" classname="com.automation.testCases.BaseClass">
    <failure type="java.lang.NullPointerException">
      <![CDATA[java.lang.NullPointerException
at com.automation.testCases.BaseClass.setUp(BaseClass.java:65)
... Removed 28 stack frames]]>
    </failure>
  </testcase> <!-- @BeforeTest setUp -->
  <testcase name="@BeforeMethod excelPath" time="0.0" classname="com.automation.testCases.BaseClass">
    <skipped/>
  </testcase> <!-- @BeforeMethod excelPath -->
  <testcase name="@AfterTest tearDown" time="0.0" classname="com.automation.testCases.BaseClass">
    <skipped/>
  </testcase> <!-- @AfterTest tearDown -->
  <testcase name="login" time="0.0" classname="com.automation.testCases.TC_LoginDDT_002">
    <skipped/>
  </testcase> <!-- login -->
</testsuite> <!-- AutomationTesting -->
