<?xml version="1.0" encoding="UTF-8"?>
<testng-results skipped="0" failed="0" ignored="0" total="1" passed="1">
  <reporter-output>
  </reporter-output>
  <suite name="AutomtionTesting" duration-ms="15013" started-at="2019-04-23T11:24:37Z" finished-at="2019-04-23T11:24:52Z">
    <groups>
    </groups>
    <test name="AutomationTesting" duration-ms="15013" started-at="2019-04-23T11:24:37Z" finished-at="2019-04-23T11:24:52Z">
      <class name="com.automation.testCases.TC_LoginDDT_002">
        <test-method status="PASS" signature="setUp(java.lang.String)[pri:0, instance:com.automation.testCases.TC_LoginDDT_002@e25b2fe]" name="setUp" is-config="true" duration-ms="8087" started-at="2019-04-23T11:24:37Z" finished-at="2019-04-23T11:24:45Z">
          <params>
            <param index="0">
              <value>
                <![CDATA[firefox]]>
              </value>
            </param>
          </params>
          <reporter-output>
          </reporter-output>
        </test-method> <!-- setUp -->
        <test-method status="PASS" signature="excelPath()[pri:0, instance:com.automation.testCases.TC_LoginDDT_002@e25b2fe]" name="excelPath" is-config="true" duration-ms="0" started-at="2019-04-23T11:24:45Z" finished-at="2019-04-23T11:24:45Z">
          <reporter-output>
          </reporter-output>
        </test-method> <!-- excelPath -->
        <test-method status="PASS" signature="login(java.lang.String, java.lang.String)[pri:0, instance:com.automation.testCases.TC_LoginDDT_002@e25b2fe]" name="login" duration-ms="5261" started-at="2019-04-23T11:24:45Z" data-provider="TestData" finished-at="2019-04-23T11:24:51Z">
          <params>
            <param index="0">
              <value>
                <![CDATA[mngr191029]]>
              </value>
            </param>
            <param index="1">
              <value>
                <![CDATA[tUdegar]]>
              </value>
            </param>
          </params>
          <reporter-output>
          </reporter-output>
        </test-method> <!-- login -->
        <test-method status="PASS" signature="tearDown()[pri:0, instance:com.automation.testCases.TC_LoginDDT_002@e25b2fe]" name="tearDown" is-config="true" duration-ms="899" started-at="2019-04-23T11:24:51Z" finished-at="2019-04-23T11:24:52Z">
          <reporter-output>
          </reporter-output>
        </test-method> <!-- tearDown -->
      </class> <!-- com.automation.testCases.TC_LoginDDT_002 -->
    </test> <!-- AutomationTesting -->
  </suite> <!-- AutomtionTesting -->
</testng-results>
